<?xml version="1.0" encoding="UTF-8"?>
<!-- Generated by org.testng.reporters.JUnitXMLReporter -->
<testsuite hostname="ShaileshSahu-PC" ignored="0" name="Surefire test" tests="3" failures="1" timestamp="10 Jul 2021 06:14:26 GMT" time="14.86" errors="0">
  <testcase name="validatemobnum" time="0.016" classname="com.org.tests.SignInPageTestCase"/>
  <testcase name="validatepass" time="0.0" classname="com.org.tests.SignInPageTestCase"/>
  <testcase name="openbrowser" time="14.762" classname="com.org.base.baseTest">
    <failure type="org.openqa.selenium.SessionNotCreatedException" message="session not created: This version of ChromeDriver only supports Chrome version 88
Current browser version is 91.0.4472.124 with binary path C:\Program Files (x86)\Google\Chrome\Application\chrome.exe
Build info: version: &amp;apos;3.141.59&amp;apos;, revision: &amp;apos;e82be7d358&amp;apos;, time: &amp;apos;2018-11-14T08:17:03&amp;apos;
System info: host: &amp;apos;SHAILESHSAHU-PC&amp;apos;, ip: &amp;apos;192.168.225.52&amp;apos;, os.name: &amp;apos;Windows 7&amp;apos;, os.arch: &amp;apos;amd64&amp;apos;, os.version: &amp;apos;6.1&amp;apos;, java.version: &amp;apos;1.8.0_281&amp;apos;
Driver info: driver.version: ChromeDriver
remote stacktrace: Backtrace:
	GetHandleVerifier [0x00E2B963+483]
	GetHandleVerifier [0x00E2B941+449]
	GetHandleVerifier [0x011D3308+3832712]
	GetHandleVerifier [0x011ED69A+3940122]
	GetHandleVerifier [0x011E9AFB+3924859]
	GetHandleVerifier [0x011E7D9C+3917340]
	GetHandleVerifier [0x0120E7FE+4075646]
	GetHandleVerifier [0x0120E56C+4074988]
	GetHandleVerifier [0x0120B2EB+4062059]
	GetHandleVerifier [0x011EED14+3945876]
	GetHandleVerifier [0x011EFBCE+3949646]
	GetHandleVerifier [0x011EFB59+3949529]
	Ordinal0 [0x00DEB5CC+46540]
	Ordinal0 [0x00DE9F53+40787]
	Ordinal0 [0x00DE9B12+39698]
	GetHandleVerifier [0x010F1468+2907368]
	GetHandleVerifier [0x00F371EE+1096302]
	GetHandleVerifier [0x00EF3E8D+821005]
	GetHandleVerifier [0x00EF396B+819691]
	GetHandleVerifier [0x00EF3881+819457]
	GetHandleVerifier [0x00F1F463+998627]
	BaseThreadInitThunk [0x773733AA+18]
	RtlInitializeExceptionChain [0x77E89F72+99]
	RtlInitializeExceptionChain [0x77E89F45+54]
">
      <![CDATA[org.openqa.selenium.SessionNotCreatedException: session not created: This version of ChromeDriver only supports Chrome version 88
Current browser version is 91.0.4472.124 with binary path C:\Program Files (x86)\Google\Chrome\Application\chrome.exe
Build info: version: '3.141.59', revision: 'e82be7d358', time: '2018-11-14T08:17:03'
System info: host: 'SHAILESHSAHU-PC', ip: '192.168.225.52', os.name: 'Windows 7', os.arch: 'amd64', os.version: '6.1', java.version: '1.8.0_281'
Driver info: driver.version: ChromeDriver
remote stacktrace: Backtrace:
GetHandleVerifier [0x00E2B963+483]
GetHandleVerifier [0x00E2B941+449]
GetHandleVerifier [0x011D3308+3832712]
GetHandleVerifier [0x011ED69A+3940122]
GetHandleVerifier [0x011E9AFB+3924859]
GetHandleVerifier [0x011E7D9C+3917340]
GetHandleVerifier [0x0120E7FE+4075646]
GetHandleVerifier [0x0120E56C+4074988]
GetHandleVerifier [0x0120B2EB+4062059]
GetHandleVerifier [0x011EED14+3945876]
GetHandleVerifier [0x011EFBCE+3949646]
GetHandleVerifier [0x011EFB59+3949529]
Ordinal0 [0x00DEB5CC+46540]
Ordinal0 [0x00DE9F53+40787]
Ordinal0 [0x00DE9B12+39698]
GetHandleVerifier [0x010F1468+2907368]
GetHandleVerifier [0x00F371EE+1096302]
GetHandleVerifier [0x00EF3E8D+821005]
GetHandleVerifier [0x00EF396B+819691]
GetHandleVerifier [0x00EF3881+819457]
GetHandleVerifier [0x00F1F463+998627]
BaseThreadInitThunk [0x773733AA+18]
RtlInitializeExceptionChain [0x77E89F72+99]
RtlInitializeExceptionChain [0x77E89F45+54]

at org.openqa.selenium.remote.W3CHandshakeResponse.lambda$errorHandler$0(W3CHandshakeResponse.java:62)
at org.openqa.selenium.remote.HandshakeResponse.lambda$getResponseFunction$0(HandshakeResponse.java:30)
at org.openqa.selenium.remote.ProtocolHandshake.lambda$createSession$0(ProtocolHandshake.java:126)
at java.util.stream.ReferencePipeline$3$1.accept(Unknown Source)
at java.util.Spliterators$ArraySpliterator.tryAdvance(Unknown Source)
at java.util.stream.ReferencePipeline.forEachWithCancel(Unknown Source)
at java.util.stream.AbstractPipeline.copyIntoWithCancel(Unknown Source)
at java.util.stream.AbstractPipeline.copyInto(Unknown Source)
at java.util.stream.AbstractPipeline.wrapAndCopyInto(Unknown Source)
at java.util.stream.FindOps$FindOp.evaluateSequential(Unknown Source)
at java.util.stream.AbstractPipeline.evaluate(Unknown Source)
at java.util.stream.ReferencePipeline.findFirst(Unknown Source)
at org.openqa.selenium.remote.ProtocolHandshake.createSession(ProtocolHandshake.java:128)
at org.openqa.selenium.remote.ProtocolHandshake.createSession(ProtocolHandshake.java:74)
at org.openqa.selenium.remote.HttpCommandExecutor.execute(HttpCommandExecutor.java:136)
at org.openqa.selenium.remote.service.DriverCommandExecutor.execute(DriverCommandExecutor.java:83)
at org.openqa.selenium.remote.RemoteWebDriver.execute(RemoteWebDriver.java:552)
at org.openqa.selenium.remote.RemoteWebDriver.startSession(RemoteWebDriver.java:213)
at org.openqa.selenium.remote.RemoteWebDriver.<init>(RemoteWebDriver.java:131)
at org.openqa.selenium.chrome.ChromeDriver.<init>(ChromeDriver.java:181)
at org.openqa.selenium.chrome.ChromeDriver.<init>(ChromeDriver.java:168)
at org.openqa.selenium.chrome.ChromeDriver.<init>(ChromeDriver.java:123)
at com.org.base.baseTest.openbrowser(baseTest.java:12)
... Removed 34 stack frames]]>
    </failure>
  </testcase> <!-- openbrowser -->
</testsuite> <!-- Surefire test -->
