<?xml version="1.0" encoding="UTF-8"?>
<testsuite xmlns:xsi="http://www.w3.org/2001/XMLSchema-instance" xsi:noNamespaceSchemaLocation="https://maven.apache.org/surefire/maven-surefire-plugin/xsd/surefire-test-report-3.0.xsd" version="3.0" name="TestSuite" time="15.624" tests="3" errors="0" skipped="0" failures="1">
  <properties>
[...]
</properties>
  <testcase name="validatemobnum" classname="com.org.tests.SignInPageTestCase" time="0.026"/>
  <testcase name="validatepass" classname="com.org.tests.SignInPageTestCase" time="0"/>
  <testcase name="openbrowser" classname="com.org.base.baseTest" time="14.769">
    <failure message="session not created: This version of ChromeDriver only supports Chrome version 88&#10;Current browser version is 91.0.4472.124 with binary path C:\Program Files (x86)\Google\Chrome\Application\chrome.exe&#10;Build info: version: &apos;3.141.59&apos;, revision: &apos;e82be7d358&apos;, time: &apos;2018-11-14T08:17:03&apos;&#10;System info: host: &apos;SHAILESHSAHU-PC&apos;, ip: &apos;192.168.225.52&apos;, os.name: &apos;Windows 7&apos;, os.arch: &apos;amd64&apos;, os.version: &apos;6.1&apos;, java.version: &apos;1.8.0_281&apos;&#10;Driver info: driver.version: ChromeDriver&#10;remote stacktrace: Backtrace:&#10;	GetHandleVerifier [0x00E2B963+483]&#10;	GetHandleVerifier [0x00E2B941+449]&#10;	GetHandleVerifier [0x011D3308+3832712]&#10;	GetHandleVerifier [0x011ED69A+3940122]&#10;	GetHandleVerifier [0x011E9AFB+3924859]&#10;	GetHandleVerifier [0x011E7D9C+3917340]&#10;	GetHandleVerifier [0x0120E7FE+4075646]&#10;	GetHandleVerifier [0x0120E56C+4074988]&#10;	GetHandleVerifier [0x0120B2EB+4062059]&#10;	GetHandleVerifier [0x011EED14+3945876]&#10;	GetHandleVerifier [0x011EFBCE+3949646]&#10;	GetHandleVerifier [0x011EFB59+3949529]&#10;	Ordinal0 [0x00DEB5CC+46540]&#10;	Ordinal0 [0x00DE9F53+40787]&#10;	Ordinal0 [0x00DE9B12+39698]&#10;	GetHandleVerifier [0x010F1468+2907368]&#10;	GetHandleVerifier [0x00F371EE+1096302]&#10;	GetHandleVerifier [0x00EF3E8D+821005]&#10;	GetHandleVerifier [0x00EF396B+819691]&#10;	GetHandleVerifier [0x00EF3881+819457]&#10;	GetHandleVerifier [0x00F1F463+998627]&#10;	BaseThreadInitThunk [0x773733AA+18]&#10;	RtlInitializeExceptionChain [0x77E89F72+99]&#10;	RtlInitializeExceptionChain [0x77E89F45+54]&#10;" type="org.openqa.selenium.SessionNotCreatedException">org.openqa.selenium.SessionNotCreatedException: 
session not created: This version of ChromeDriver only supports Chrome version 88
Current browser version is 91.0.4472.124 with binary path C:\Program Files (x86)\Google\Chrome\Application\chrome.exe
Build info: version: '3.141.59', revision: 'e82be7d358', time: '2018-11-14T08:17:03'
System info: host: 'SHAILESHSAHU-PC', ip: '192.168.225.52', os.name: 'Windows 7', os.arch: 'amd64', os.version: '6.1', java.version: '1.8.0_281'
Driver info: driver.version: ChromeDriver
remote stacktrace: Backtrace:
	GetHandleVerifier [0x00E2B963+483]
	GetHandleVerifier [0x00E2B941+449]
	GetHandleVerifier [0x011D3308+3832712]
	GetHandleVerifier [0x011ED69A+3940122]
	GetHandleVerifier [0x011E9AFB+3924859]
	GetHandleVerifier [0x011E7D9C+3917340]
	GetHandleVerifier [0x0120E7FE+4075646]
	GetHandleVerifier [0x0120E56C+4074988]
	GetHandleVerifier [0x0120B2EB+4062059]
	GetHandleVerifier [0x011EED14+3945876]
	GetHandleVerifier [0x011EFBCE+3949646]
	GetHandleVerifier [0x011EFB59+3949529]
	Ordinal0 [0x00DEB5CC+46540]
	Ordinal0 [0x00DE9F53+40787]
	Ordinal0 [0x00DE9B12+39698]
	GetHandleVerifier [0x010F1468+2907368]
	GetHandleVerifier [0x00F371EE+1096302]
	GetHandleVerifier [0x00EF3E8D+821005]
	GetHandleVerifier [0x00EF396B+819691]
	GetHandleVerifier [0x00EF3881+819457]
	GetHandleVerifier [0x00F1F463+998627]
	BaseThreadInitThunk [0x773733AA+18]
	RtlInitializeExceptionChain [0x77E89F72+99]
	RtlInitializeExceptionChain [0x77E89F45+54]

	at com.org.base.baseTest.openbrowser(baseTest.java:12)
</failure>
    <system-err><![CDATA[Starting ChromeDriver 88.0.4324.96 (68dba2d8a0b149a1d3afac56fa74648032bcf46b-refs/branch-heads/4324@{#1784}) on port 23828
Only local connections are allowed.
Please see https://chromedriver.chromium.org/security-considerations for suggestions on keeping ChromeDriver safe.
ChromeDriver was started successfully.
]]></system-err>
  </testcase>
</testsuite>