<?xml version="1.0" encoding="UTF-8"?>
<testng-results skipped="0" failed="1" ignored="0" total="3" passed="2">
  <reporter-output>
  </reporter-output>
  <suite name="Surefire suite" duration-ms="14860" started-at="2021-07-10T06:14:11Z" finished-at="2021-07-10T06:14:26Z">
    <groups>
    </groups>
    <test name="Surefire test" duration-ms="14860" started-at="2021-07-10T06:14:11Z" finished-at="2021-07-10T06:14:26Z">
      <class name="com.org.tests.SignInPageTestCase">
        <test-method status="PASS" signature="validatemobnum()[pri:0, instance:com.org.tests.SignInPageTestCase@1324409e]" name="validatemobnum" duration-ms="16" started-at="2021-07-10T06:14:11Z" finished-at="2021-07-10T06:14:11Z">
          <reporter-output>
          </reporter-output>
        </test-method> <!-- validatemobnum -->
        <test-method status="PASS" signature="validatepass()[pri:0, instance:com.org.tests.SignInPageTestCase@1324409e]" name="validatepass" duration-ms="0" started-at="2021-07-10T06:14:11Z" finished-at="2021-07-10T06:14:11Z">
          <reporter-output>
          </reporter-output>
        </test-method> <!-- validatepass -->
      </class> <!-- com.org.tests.SignInPageTestCase -->
      <class name="com.org.base.baseTest">
        <test-method status="FAIL" signature="openbrowser()[pri:0, instance:com.org.base.baseTest@180bc464]" name="openbrowser" duration-ms="14762" started-at="2021-07-10T06:14:11Z" finished-at="2021-07-10T06:14:26Z">
          <exception class="org.openqa.selenium.SessionNotCreatedException">
            <message>
              <![CDATA[session not created: This version of ChromeDriver only supports Chrome version 88
Current browser version is 91.0.4472.124 with binary path C:\Program Files (x86)\Google\Chrome\Application\chrome.exe
Build info: version: '3.141.59', revision: 'e82be7d358', time: '2018-11-14T08:17:03'
System info: host: 'SHAILESHSAHU-PC', ip: '192.168.225.52', os.name: 'Windows 7', os.arch: 'amd64', os.version: '6.1', java.version: '1.8.0_281'
Driver info: driver.version: ChromeDriver
remote stacktrace: Backtrace:
GetHandleVerifier [0x00E2B963+483]
GetHandleVerifier [0x00E2B941+449]
GetHandleVerifier [0x011D3308+3832712]
GetHandleVerifier [0x011ED69A+3940122]
GetHandleVerifier [0x011E9AFB+3924859]
GetHandleVerifier [0x011E7D9C+3917340]
GetHandleVerifier [0x0120E7FE+4075646]
GetHandleVerifier [0x0120E56C+4074988]
GetHandleVerifier [0x0120B2EB+4062059]
GetHandleVerifier [0x011EED14+3945876]
GetHandleVerifier [0x011EFBCE+3949646]
GetHandleVerifier [0x011EFB59+3949529]
Ordinal0 [0x00DEB5CC+46540]
Ordinal0 [0x00DE9F53+40787]
Ordinal0 [0x00DE9B12+39698]
GetHandleVerifier [0x010F1468+2907368]
GetHandleVerifier [0x00F371EE+1096302]
GetHandleVerifier [0x00EF3E8D+821005]
GetHandleVerifier [0x00EF396B+819691]
GetHandleVerifier [0x00EF3881+819457]
GetHandleVerifier [0x00F1F463+998627]
BaseThreadInitThunk [0x773733AA+18]
RtlInitializeExceptionChain [0x77E89F72+99]
RtlInitializeExceptionChain [0x77E89F45+54]
]]>
            </message>
            <full-stacktrace>
              <![CDATA[org.openqa.selenium.SessionNotCreatedException: session not created: This version of ChromeDriver only supports Chrome version 88
Current browser version is 91.0.4472.124 with binary path C:\Program Files (x86)\Google\Chrome\Application\chrome.exe
Build info: version: '3.141.59', revision: 'e82be7d358', time: '2018-11-14T08:17:03'
System info: host: 'SHAILESHSAHU-PC', ip: '192.168.225.52', os.name: 'Windows 7', os.arch: 'amd64', os.version: '6.1', java.version: '1.8.0_281'
Driver info: driver.version: ChromeDriver
remote stacktrace: Backtrace:
GetHandleVerifier [0x00E2B963+483]
GetHandleVerifier [0x00E2B941+449]
GetHandleVerifier [0x011D3308+3832712]
GetHandleVerifier [0x011ED69A+3940122]
GetHandleVerifier [0x011E9AFB+3924859]
GetHandleVerifier [0x011E7D9C+3917340]
GetHandleVerifier [0x0120E7FE+4075646]
GetHandleVerifier [0x0120E56C+4074988]
GetHandleVerifier [0x0120B2EB+4062059]
GetHandleVerifier [0x011EED14+3945876]
GetHandleVerifier [0x011EFBCE+3949646]
GetHandleVerifier [0x011EFB59+3949529]
Ordinal0 [0x00DEB5CC+46540]
Ordinal0 [0x00DE9F53+40787]
Ordinal0 [0x00DE9B12+39698]
GetHandleVerifier [0x010F1468+2907368]
GetHandleVerifier [0x00F371EE+1096302]
GetHandleVerifier [0x00EF3E8D+821005]
GetHandleVerifier [0x00EF396B+819691]
GetHandleVerifier [0x00EF3881+819457]
GetHandleVerifier [0x00F1F463+998627]
BaseThreadInitThunk [0x773733AA+18]
RtlInitializeExceptionChain [0x77E89F72+99]
RtlInitializeExceptionChain [0x77E89F45+54]

at sun.reflect.NativeConstructorAccessorImpl.newInstance0(Native Method)
at sun.reflect.NativeConstructorAccessorImpl.newInstance(Unknown Source)
at sun.reflect.DelegatingConstructorAccessorImpl.newInstance(Unknown Source)
at java.lang.reflect.Constructor.newInstance(Unknown Source)
at org.openqa.selenium.remote.W3CHandshakeResponse.lambda$errorHandler$0(W3CHandshakeResponse.java:62)
at org.openqa.selenium.remote.HandshakeResponse.lambda$getResponseFunction$0(HandshakeResponse.java:30)
at org.openqa.selenium.remote.ProtocolHandshake.lambda$createSession$0(ProtocolHandshake.java:126)
at java.util.stream.ReferencePipeline$3$1.accept(Unknown Source)
at java.util.Spliterators$ArraySpliterator.tryAdvance(Unknown Source)
at java.util.stream.ReferencePipeline.forEachWithCancel(Unknown Source)
at java.util.stream.AbstractPipeline.copyIntoWithCancel(Unknown Source)
at java.util.stream.AbstractPipeline.copyInto(Unknown Source)
at java.util.stream.AbstractPipeline.wrapAndCopyInto(Unknown Source)
at java.util.stream.FindOps$FindOp.evaluateSequential(Unknown Source)
at java.util.stream.AbstractPipeline.evaluate(Unknown Source)
at java.util.stream.ReferencePipeline.findFirst(Unknown Source)
at org.openqa.selenium.remote.ProtocolHandshake.createSession(ProtocolHandshake.java:128)
at org.openqa.selenium.remote.ProtocolHandshake.createSession(ProtocolHandshake.java:74)
at org.openqa.selenium.remote.HttpCommandExecutor.execute(HttpCommandExecutor.java:136)
at org.openqa.selenium.remote.service.DriverCommandExecutor.execute(DriverCommandExecutor.java:83)
at org.openqa.selenium.remote.RemoteWebDriver.execute(RemoteWebDriver.java:552)
at org.openqa.selenium.remote.RemoteWebDriver.startSession(RemoteWebDriver.java:213)
at org.openqa.selenium.remote.RemoteWebDriver.<init>(RemoteWebDriver.java:131)
at org.openqa.selenium.chrome.ChromeDriver.<init>(ChromeDriver.java:181)
at org.openqa.selenium.chrome.ChromeDriver.<init>(ChromeDriver.java:168)
at org.openqa.selenium.chrome.ChromeDriver.<init>(ChromeDriver.java:123)
at com.org.base.baseTest.openbrowser(baseTest.java:12)
at sun.reflect.NativeMethodAccessorImpl.invoke0(Native Method)
at sun.reflect.NativeMethodAccessorImpl.invoke(Unknown Source)
at sun.reflect.DelegatingMethodAccessorImpl.invoke(Unknown Source)
at java.lang.reflect.Method.invoke(Unknown Source)
at org.testng.internal.MethodInvocationHelper.invokeMethod(MethodInvocationHelper.java:124)
at org.testng.internal.Invoker.invokeMethod(Invoker.java:583)
at org.testng.internal.Invoker.invokeTestMethod(Invoker.java:719)
at org.testng.internal.Invoker.invokeTestMethods(Invoker.java:989)
at org.testng.internal.TestMethodWorker.invokeTestMethods(TestMethodWorker.java:125)
at org.testng.internal.TestMethodWorker.run(TestMethodWorker.java:109)
at org.testng.TestRunner.privateRun(TestRunner.java:648)
at org.testng.TestRunner.run(TestRunner.java:505)
at org.testng.SuiteRunner.runTest(SuiteRunner.java:455)
at org.testng.SuiteRunner.runSequentially(SuiteRunner.java:450)
at org.testng.SuiteRunner.privateRun(SuiteRunner.java:415)
at org.testng.SuiteRunner.run(SuiteRunner.java:364)
at org.testng.SuiteRunnerWorker.runSuite(SuiteRunnerWorker.java:52)
at org.testng.SuiteRunnerWorker.run(SuiteRunnerWorker.java:84)
at org.testng.TestNG.runSuitesSequentially(TestNG.java:1208)
at org.testng.TestNG.runSuitesLocally(TestNG.java:1137)
at org.testng.TestNG.runSuites(TestNG.java:1049)
at org.testng.TestNG.run(TestNG.java:1017)
at org.apache.maven.surefire.testng.TestNGExecutor.run(TestNGExecutor.java:135)
at org.apache.maven.surefire.testng.TestNGDirectoryTestSuite.executeMulti(TestNGDirectoryTestSuite.java:193)
at org.apache.maven.surefire.testng.TestNGDirectoryTestSuite.execute(TestNGDirectoryTestSuite.java:94)
at org.apache.maven.surefire.testng.TestNGProvider.invoke(TestNGProvider.java:146)
at org.apache.maven.surefire.booter.ForkedBooter.invokeProviderInSameClassLoader(ForkedBooter.java:384)
at org.apache.maven.surefire.booter.ForkedBooter.runSuitesInProcess(ForkedBooter.java:345)
at org.apache.maven.surefire.booter.ForkedBooter.execute(ForkedBooter.java:126)
at org.apache.maven.surefire.booter.ForkedBooter.main(ForkedBooter.java:418)
]]>
            </full-stacktrace>
          </exception> <!-- org.openqa.selenium.SessionNotCreatedException -->
          <reporter-output>
          </reporter-output>
        </test-method> <!-- openbrowser -->
      </class> <!-- com.org.base.baseTest -->
    </test> <!-- Surefire test -->
  </suite> <!-- Surefire suite -->
</testng-results>
